c:\src\v1.6-opt\build\argon2-gpu\ext\argon2\release\argon2.lib
c:\src\v1.6-opt\build\argon2-gpu\ext\argon2\release\argon2.exp
c:\src\v1.6-opt\build\argon2-gpu\ext\argon2\release\argon2.ipdb
c:\src\v1.6-opt\build\argon2-gpu\ext\argon2\release\argon2.iobj
c:\src\v1.6-opt\build\argon2-gpu\ext\argon2\argon2.dir\release\argon2-arch.obj
c:\src\v1.6-opt\build\argon2-gpu\ext\argon2\argon2.dir\release\blake2.obj
c:\src\v1.6-opt\build\argon2-gpu\ext\argon2\argon2.dir\release\thread.obj
c:\src\v1.6-opt\build\argon2-gpu\ext\argon2\argon2.dir\release\impl-select.obj
c:\src\v1.6-opt\build\argon2-gpu\ext\argon2\argon2.dir\release\genkat.obj
c:\src\v1.6-opt\build\argon2-gpu\ext\argon2\argon2.dir\release\encoding.obj
c:\src\v1.6-opt\build\argon2-gpu\ext\argon2\argon2.dir\release\core.obj
c:\src\v1.6-opt\build\argon2-gpu\ext\argon2\argon2.dir\release\argon2.obj
c:\src\v1.6-opt\build\argon2-gpu\ext\argon2\cmakefiles\generate.stamp
c:\src\v1.6-opt\build\argon2-gpu\ext\argon2\release\argon2.dll
c:\src\v1.6-opt\build\argon2-gpu\ext\argon2\argon2.dir\release\argon2.tlog\argon2.write.1u.tlog
c:\src\v1.6-opt\build\argon2-gpu\ext\argon2\argon2.dir\release\argon2.tlog\cl.command.1.tlog
c:\src\v1.6-opt\build\argon2-gpu\ext\argon2\argon2.dir\release\argon2.tlog\cl.read.1.tlog
c:\src\v1.6-opt\build\argon2-gpu\ext\argon2\argon2.dir\release\argon2.tlog\cl.write.1.tlog
c:\src\v1.6-opt\build\argon2-gpu\ext\argon2\argon2.dir\release\argon2.tlog\custombuild.command.1.tlog
c:\src\v1.6-opt\build\argon2-gpu\ext\argon2\argon2.dir\release\argon2.tlog\custombuild.read.1.tlog
c:\src\v1.6-opt\build\argon2-gpu\ext\argon2\argon2.dir\release\argon2.tlog\custombuild.write.1.tlog
c:\src\v1.6-opt\build\argon2-gpu\ext\argon2\argon2.dir\release\argon2.tlog\link.command.1.tlog
c:\src\v1.6-opt\build\argon2-gpu\ext\argon2\argon2.dir\release\argon2.tlog\link.read.1.tlog
c:\src\v1.6-opt\build\argon2-gpu\ext\argon2\argon2.dir\release\argon2.tlog\link.write.1.tlog
